<?xml version="1.0" encoding="UTF-8"?>
<!-- Generated by org.testng.reporters.JUnitReportReporter -->
<testsuite hostname="LAPTOP-B42SM0L4" failures="0" tests="1" name="YoutubeVideoTest" time="19.965" errors="0" timestamp="2020-11-16T23:44:18 MYT" skipped="0">
  <testcase classname="YoutubeVideoTest" name="test" time="19.965"/>
  <system-out/>
</testsuite> <!-- YoutubeVideoTest -->
