<?xml version="1.0" encoding="UTF-8"?>
<!-- Generated by org.testng.reporters.JUnitReportReporter -->
<testsuite skipped="0" hostname="LAPTOP-B42SM0L4" name="GmailAuthenticationDemo" tests="1" failures="0" timestamp="2020-10-06T15:40:41 SGT" time="65.506" errors="0">
  <testcase name="test" time="65.506" classname="GmailAuthenticationDemo"/>
  <system-out/>
</testsuite> <!-- GmailAuthenticationDemo -->
