<?xml version="1.0" encoding="UTF-8"?>
<!-- Generated by org.testng.reporters.JUnitReportReporter -->
<testsuite skipped="0" hostname="LAPTOP-B42SM0L4" name="ocr.a_ReadTextFromARegionUsingDimensions" tests="3" failures="0" timestamp="2021-01-14T11:03:58 SGT" time="8.164" errors="0">
  <testcase name="method1UsingTEXT" time="3.176" classname="ocr.a_ReadTextFromARegionUsingDimensions"/>
  <system-out/>
  <testcase name="method3UsingREADLINE" time="2.498" classname="ocr.a_ReadTextFromARegionUsingDimensions"/>
  <system-out/>
  <testcase name="method2UsingREADTEXT" time="2.490" classname="ocr.a_ReadTextFromARegionUsingDimensions"/>
  <system-out/>
</testsuite> <!-- ocr.a_ReadTextFromARegionUsingDimensions -->
