<?xml version="1.0" encoding="UTF-8"?>
<!-- Generated by org.testng.reporters.JUnitReportReporter -->
<testsuite skipped="0" hostname="LAPTOP-B42SM0L4" name="BrowserAuthenticationInChromeUsingSikuli" tests="1" failures="0" timestamp="2020-08-12T20:57:07 SGT" time="14.596" errors="0">
  <testcase name="test" time="14.596" classname="BrowserAuthenticationInChromeUsingSikuli"/>
  <system-out/>
</testsuite> <!-- BrowserAuthenticationInChromeUsingSikuli -->
