<?xml version="1.0" encoding="UTF-8"?>
<!-- Generated by org.testng.reporters.JUnitReportReporter -->
<testsuite skipped="0" hostname="LAPTOP-B42SM0L4" name="a_Basics.FileUploadDemo" tests="1" failures="0" timestamp="2021-01-14T15:26:08 SGT" time="15.551" errors="0">
  <testcase name="test" time="15.551" classname="a_Basics.FileUploadDemo"/>
  <system-out/>
</testsuite> <!-- a_Basics.FileUploadDemo -->
