<?xml version="1.0" encoding="UTF-8"?>
<!-- Generated by org.testng.reporters.JUnitReportReporter -->
<testsuite hostname="LAPTOP-B42SM0L4" failures="0" tests="1" name="YoutubeVideoTest" time="18.601" errors="0" timestamp="2020-11-20T14:53:59 MYT" skipped="0">
  <testcase classname="YoutubeVideoTest" name="test" time="18.601"/>
  <system-out/>
</testsuite> <!-- YoutubeVideoTest -->
