<?xml version="1.0" encoding="UTF-8"?>
<!-- Generated by org.testng.reporters.JUnitReportReporter -->
<testsuite skipped="0" hostname="LAPTOP-B42SM0L4" name="BrowserAuthenticationInChromeUsingSikuli" tests="1" failures="0" timestamp="2020-10-01T22:43:20 SGT" time="8.055" errors="0">
  <testcase name="test" time="8.055" classname="BrowserAuthenticationInChromeUsingSikuli"/>
  <system-out/>
</testsuite> <!-- BrowserAuthenticationInChromeUsingSikuli -->
