<?xml version="1.0" encoding="UTF-8"?>
<!-- Generated by org.testng.reporters.JUnitReportReporter -->
<testsuite skipped="0" hostname="LAPTOP-B42SM0L4" name="WebAutomationWithWindowAutomation" tests="1" failures="0" timestamp="2020-10-06T20:22:16 SGT" time="56.031" errors="0">
  <testcase name="test" time="56.031" classname="WebAutomationWithWindowAutomation"/>
  <system-out/>
</testsuite> <!-- WebAutomationWithWindowAutomation -->
