<?xml version="1.0" encoding="UTF-8"?>
<!-- Generated by org.testng.reporters.JUnitReportReporter -->
<testsuite skipped="0" hostname="LAPTOP-B42SM0L4" name="YoutubeVideoTest" tests="1" failures="0" timestamp="2020-08-13T21:06:16 SGT" time="22.424" errors="0">
  <testcase name="test" time="22.424" classname="YoutubeVideoTest"/>
  <system-out/>
</testsuite> <!-- YoutubeVideoTest -->
