<?xml version="1.0" encoding="UTF-8"?>
<!-- Generated by org.testng.reporters.JUnitReportReporter -->
<testsuite skipped="0" hostname="LAPTOP-B42SM0L4" name="GmailAuthenticationDemo" tests="1" failures="0" timestamp="2020-08-13T21:06:47 SGT" time="17.092" errors="0">
  <testcase name="test" time="17.092" classname="GmailAuthenticationDemo"/>
  <system-out/>
</testsuite> <!-- GmailAuthenticationDemo -->
