<?xml version="1.0" encoding="UTF-8"?>
<!-- Generated by org.testng.reporters.JUnitReportReporter -->
<testsuite hostname="LAPTOP-B42SM0L4" failures="0" tests="1" name="c_Waits.b_WithOffset" time="7.186" errors="0" timestamp="2020-12-29T13:07:36 MYT" skipped="0">
  <testcase classname="c_Waits.b_WithOffset" name="testing" time="7.186"/>
  <system-out/>
</testsuite> <!-- c_Waits.b_WithOffset -->
