<?xml version="1.0" encoding="UTF-8"?>
<!-- Generated by org.testng.reporters.JUnitReportReporter -->
<testsuite skipped="0" hostname="LAPTOP-B42SM0L4" name="FileUploadDemo" tests="1" failures="0" timestamp="2020-08-02T11:36:56 SGT" time="12.996" errors="0">
  <testcase name="test" time="12.996" classname="FileUploadDemo"/>
  <system-out/>
</testsuite> <!-- FileUploadDemo -->
