<?xml version="1.0" encoding="UTF-8"?>
<!-- Generated by org.testng.reporters.JUnitReportReporter -->
<testsuite hostname="LAPTOP-B42SM0L4" failures="0" tests="1" name="a_Basics.GmailAuthenticationDemo" time="26.794" errors="0" timestamp="2020-12-18T01:55:56 MYT" skipped="0">
  <testcase classname="a_Basics.GmailAuthenticationDemo" name="test" time="26.794"/>
  <system-out/>
</testsuite> <!-- a_Basics.GmailAuthenticationDemo -->
