<?xml version="1.0" encoding="UTF-8"?>
<!-- Generated by org.testng.reporters.JUnitReportReporter -->
<testsuite skipped="0" hostname="LAPTOP-B42SM0L4" name="test" tests="1" failures="0" timestamp="2020-09-18T16:20:51 SGT" time="0.006" errors="0">
  <testcase name="name" time="0.006" classname="test"/>
  <system-out/>
</testsuite> <!-- test -->
