<?xml version="1.0" encoding="UTF-8"?>
<!-- Generated by org.testng.reporters.JUnitReportReporter -->
<testsuite hostname="LAPTOP-B42SM0L4" failures="0" tests="1" name="a_Basics.OpeningNewTab" time="13.852" errors="0" timestamp="2020-12-24T02:03:53 MYT" skipped="0">
  <testcase classname="a_Basics.OpeningNewTab" name="openingNewTabTest" time="13.852"/>
  <system-out/>
</testsuite> <!-- a_Basics.OpeningNewTab -->
